Analysis & Synthesis report for TopLevel
Thu Mar 30 02:20:21 2023
Quartus Prime Version 22.1std.0 Build 915 10/25/2022 SC Lite Edition


---------------------
; Table of Contents ;
---------------------
  1. Legal Notice
  2. Analysis & Synthesis Summary
  3. Analysis & Synthesis Settings
  4. Parallel Compilation
  5. Analysis & Synthesis Source Files Read
  6. Analysis & Synthesis Resource Usage Summary
  7. Analysis & Synthesis Resource Utilization by Entity
  8. General Register Statistics
  9. Inverted Register Statistics
 10. Port Connectivity Checks: "ShiftRegister:R0"
 11. Port Connectivity Checks: "Counter:C0"
 12. Post-Synthesis Netlist Statistics for Top Partition
 13. Elapsed Time Per Partition
 14. Analysis & Synthesis Messages



----------------
; Legal Notice ;
----------------
Copyright (C) 2022  Intel Corporation. All rights reserved.
Your use of Intel Corporation's design tools, logic functions 
and other software and tools, and any partner logic 
functions, and any output files from any of the foregoing 
(including device programming or simulation files), and any 
associated documentation or information are expressly subject 
to the terms and conditions of the Intel Program License 
Subscription Agreement, the Intel Quartus Prime License Agreement,
the Intel FPGA IP License Agreement, or other applicable license
agreement, including, without limitation, that your use is for
the sole purpose of programming logic devices manufactured by
Intel and sold by Intel or its authorized distributors.  Please
refer to the applicable agreement for further details, at
https://fpgasoftware.intel.com/eula.



+----------------------------------------------------------------------------------+
; Analysis & Synthesis Summary                                                     ;
+---------------------------------+------------------------------------------------+
; Analysis & Synthesis Status     ; Successful - Thu Mar 30 02:20:21 2023          ;
; Quartus Prime Version           ; 22.1std.0 Build 915 10/25/2022 SC Lite Edition ;
; Revision Name                   ; TopLevel                                       ;
; Top-level Entity Name           ; TopLevel                                       ;
; Family                          ; Cyclone V                                      ;
; Logic utilization (in ALMs)     ; N/A                                            ;
; Total registers                 ; 31                                             ;
; Total pins                      ; 15                                             ;
; Total virtual pins              ; 0                                              ;
; Total block memory bits         ; 0                                              ;
; Total DSP Blocks                ; 0                                              ;
; Total HSSI RX PCSs              ; 0                                              ;
; Total HSSI PMA RX Deserializers ; 0                                              ;
; Total HSSI TX PCSs              ; 0                                              ;
; Total HSSI PMA TX Serializers   ; 0                                              ;
; Total PLLs                      ; 0                                              ;
; Total DLLs                      ; 0                                              ;
+---------------------------------+------------------------------------------------+


+---------------------------------------------------------------------------------------------------------------------------+
; Analysis & Synthesis Settings                                                                                             ;
+---------------------------------------------------------------------------------+--------------------+--------------------+
; Option                                                                          ; Setting            ; Default Value      ;
+---------------------------------------------------------------------------------+--------------------+--------------------+
; Device                                                                          ; 5CGXFC7C7F23C8     ;                    ;
; Top-level entity name                                                           ; TopLevel           ; TopLevel           ;
; Family name                                                                     ; Cyclone V          ; Cyclone V          ;
; Use smart compilation                                                           ; Off                ; Off                ;
; Enable parallel Assembler and Timing Analyzer during compilation                ; On                 ; On                 ;
; Enable compact report table                                                     ; Off                ; Off                ;
; Restructure Multiplexers                                                        ; Auto               ; Auto               ;
; MLAB Add Timing Constraints For Mixed-Port Feed-Through Mode Setting Don't Care ; Off                ; Off                ;
; Create Debugging Nodes for IP Cores                                             ; Off                ; Off                ;
; Preserve fewer node names                                                       ; On                 ; On                 ;
; Intel FPGA IP Evaluation Mode                                                   ; Enable             ; Enable             ;
; Verilog Version                                                                 ; Verilog_2001       ; Verilog_2001       ;
; VHDL Version                                                                    ; VHDL_1993          ; VHDL_1993          ;
; State Machine Processing                                                        ; Auto               ; Auto               ;
; Safe State Machine                                                              ; Off                ; Off                ;
; Extract Verilog State Machines                                                  ; On                 ; On                 ;
; Extract VHDL State Machines                                                     ; On                 ; On                 ;
; Ignore Verilog initial constructs                                               ; Off                ; Off                ;
; Iteration limit for constant Verilog loops                                      ; 5000               ; 5000               ;
; Iteration limit for non-constant Verilog loops                                  ; 250                ; 250                ;
; Add Pass-Through Logic to Inferred RAMs                                         ; On                 ; On                 ;
; Infer RAMs from Raw Logic                                                       ; On                 ; On                 ;
; Parallel Synthesis                                                              ; On                 ; On                 ;
; DSP Block Balancing                                                             ; Auto               ; Auto               ;
; NOT Gate Push-Back                                                              ; On                 ; On                 ;
; Power-Up Don't Care                                                             ; On                 ; On                 ;
; Remove Redundant Logic Cells                                                    ; Off                ; Off                ;
; Remove Duplicate Registers                                                      ; On                 ; On                 ;
; Ignore CARRY Buffers                                                            ; Off                ; Off                ;
; Ignore CASCADE Buffers                                                          ; Off                ; Off                ;
; Ignore GLOBAL Buffers                                                           ; Off                ; Off                ;
; Ignore ROW GLOBAL Buffers                                                       ; Off                ; Off                ;
; Ignore LCELL Buffers                                                            ; Off                ; Off                ;
; Ignore SOFT Buffers                                                             ; On                 ; On                 ;
; Limit AHDL Integers to 32 Bits                                                  ; Off                ; Off                ;
; Optimization Technique                                                          ; Balanced           ; Balanced           ;
; Carry Chain Length                                                              ; 70                 ; 70                 ;
; Auto Carry Chains                                                               ; On                 ; On                 ;
; Auto Open-Drain Pins                                                            ; On                 ; On                 ;
; Perform WYSIWYG Primitive Resynthesis                                           ; Off                ; Off                ;
; Auto ROM Replacement                                                            ; On                 ; On                 ;
; Auto RAM Replacement                                                            ; On                 ; On                 ;
; Auto DSP Block Replacement                                                      ; On                 ; On                 ;
; Auto Shift Register Replacement                                                 ; Auto               ; Auto               ;
; Allow Shift Register Merging across Hierarchies                                 ; Auto               ; Auto               ;
; Auto Clock Enable Replacement                                                   ; On                 ; On                 ;
; Strict RAM Replacement                                                          ; Off                ; Off                ;
; Allow Synchronous Control Signals                                               ; On                 ; On                 ;
; Force Use of Synchronous Clear Signals                                          ; Off                ; Off                ;
; Auto Resource Sharing                                                           ; Off                ; Off                ;
; Allow Any RAM Size For Recognition                                              ; Off                ; Off                ;
; Allow Any ROM Size For Recognition                                              ; Off                ; Off                ;
; Allow Any Shift Register Size For Recognition                                   ; Off                ; Off                ;
; Use LogicLock Constraints during Resource Balancing                             ; On                 ; On                 ;
; Ignore translate_off and synthesis_off directives                               ; Off                ; Off                ;
; Timing-Driven Synthesis                                                         ; On                 ; On                 ;
; Report Parameter Settings                                                       ; On                 ; On                 ;
; Report Source Assignments                                                       ; On                 ; On                 ;
; Report Connectivity Checks                                                      ; On                 ; On                 ;
; Ignore Maximum Fan-Out Assignments                                              ; Off                ; Off                ;
; Synchronization Register Chain Length                                           ; 3                  ; 3                  ;
; Power Optimization During Synthesis                                             ; Normal compilation ; Normal compilation ;
; HDL message level                                                               ; Level2             ; Level2             ;
; Suppress Register Optimization Related Messages                                 ; Off                ; Off                ;
; Number of Removed Registers Reported in Synthesis Report                        ; 5000               ; 5000               ;
; Number of Swept Nodes Reported in Synthesis Report                              ; 5000               ; 5000               ;
; Number of Inverted Registers Reported in Synthesis Report                       ; 100                ; 100                ;
; Clock MUX Protection                                                            ; On                 ; On                 ;
; Auto Gated Clock Conversion                                                     ; Off                ; Off                ;
; Block Design Naming                                                             ; Auto               ; Auto               ;
; SDC constraint protection                                                       ; Off                ; Off                ;
; Synthesis Effort                                                                ; Auto               ; Auto               ;
; Shift Register Replacement - Allow Asynchronous Clear Signal                    ; On                 ; On                 ;
; Pre-Mapping Resynthesis Optimization                                            ; Off                ; Off                ;
; Analysis & Synthesis Message Level                                              ; Medium             ; Medium             ;
; Disable Register Merging Across Hierarchies                                     ; Auto               ; Auto               ;
; Resource Aware Inference For Block RAM                                          ; On                 ; On                 ;
; Automatic Parallel Synthesis                                                    ; On                 ; On                 ;
; Partial Reconfiguration Bitstream ID                                            ; Off                ; Off                ;
+---------------------------------------------------------------------------------+--------------------+--------------------+


+------------------------------------------+
; Parallel Compilation                     ;
+----------------------------+-------------+
; Processors                 ; Number      ;
+----------------------------+-------------+
; Number detected on machine ; 8           ;
; Maximum allowed            ; 4           ;
;                            ;             ;
; Average used               ; 1.00        ;
; Maximum used               ; 4           ;
;                            ;             ;
; Usage by Processor         ; % Time Used ;
;     Processor 1            ; 100.0%      ;
;     Processors 2-4         ;   0.0%      ;
+----------------------------+-------------+


+--------------------------------------------------------------------------------------------------------------------------------------------------------------+
; Analysis & Synthesis Source Files Read                                                                                                                       ;
+----------------------------------+-----------------+-----------------+-----------------------------------------------------------------------------+---------+
; File Name with User-Entered Path ; Used in Netlist ; File Type       ; File Name with Absolute Path                                                ; Library ;
+----------------------------------+-----------------+-----------------+-----------------------------------------------------------------------------+---------+
; TopLevel.vhd                     ; yes             ; User VHDL File  ; C:/Users/colem/Documents/VHDL-Projects/FPGAAdvancedDesign/TopLevel.vhd      ;         ;
; Counter.vhd                      ; yes             ; User VHDL File  ; C:/Users/colem/Documents/VHDL-Projects/FPGAAdvancedDesign/Counter.vhd       ;         ;
; ShiftRegister.vhd                ; yes             ; User VHDL File  ; C:/Users/colem/Documents/VHDL-Projects/FPGAAdvancedDesign/ShiftRegister.vhd ;         ;
; StateMachine.vhd                 ; yes             ; User VHDL File  ; C:/Users/colem/Documents/VHDL-Projects/FPGAAdvancedDesign/StateMachine.vhd  ;         ;
+----------------------------------+-----------------+-----------------+-----------------------------------------------------------------------------+---------+


+------------------------------------------------------------+
; Analysis & Synthesis Resource Usage Summary                ;
+---------------------------------------------+--------------+
; Resource                                    ; Usage        ;
+---------------------------------------------+--------------+
; Estimate of Logic utilization (ALMs needed) ; 17           ;
;                                             ;              ;
; Combinational ALUT usage for logic          ; 26           ;
;     -- 7 input functions                    ; 0            ;
;     -- 6 input functions                    ; 0            ;
;     -- 5 input functions                    ; 0            ;
;     -- 4 input functions                    ; 2            ;
;     -- <=3 input functions                  ; 24           ;
;                                             ;              ;
; Dedicated logic registers                   ; 31           ;
;                                             ;              ;
; I/O pins                                    ; 15           ;
;                                             ;              ;
; Total DSP Blocks                            ; 0            ;
;                                             ;              ;
; Maximum fan-out node                        ; CounterClear ;
; Maximum fan-out                             ; 30           ;
; Total fan-out                               ; 208          ;
; Average fan-out                             ; 2.39         ;
+---------------------------------------------+--------------+


+-------------------------------------------------------------------------------------------------------------------------------------------------------------------------------------------------+
; Analysis & Synthesis Resource Utilization by Entity                                                                                                                                             ;
+----------------------------+---------------------+---------------------------+-------------------+------------+------+--------------+----------------------------+---------------+--------------+
; Compilation Hierarchy Node ; Combinational ALUTs ; Dedicated Logic Registers ; Block Memory Bits ; DSP Blocks ; Pins ; Virtual Pins ; Full Hierarchy Name        ; Entity Name   ; Library Name ;
+----------------------------+---------------------+---------------------------+-------------------+------------+------+--------------+----------------------------+---------------+--------------+
; |TopLevel                  ; 26 (2)              ; 31 (0)                    ; 0                 ; 0          ; 15   ; 0            ; |TopLevel                  ; TopLevel      ; work         ;
;    |Counter:C0|            ; 20 (20)             ; 20 (20)                   ; 0                 ; 0          ; 0    ; 0            ; |TopLevel|Counter:C0       ; Counter       ; work         ;
;    |ShiftRegister:R0|      ; 3 (3)               ; 10 (10)                   ; 0                 ; 0          ; 0    ; 0            ; |TopLevel|ShiftRegister:R0 ; ShiftRegister ; work         ;
;    |StateMachine:SM0|      ; 1 (1)               ; 1 (1)                     ; 0                 ; 0          ; 0    ; 0            ; |TopLevel|StateMachine:SM0 ; StateMachine  ; work         ;
+----------------------------+---------------------+---------------------------+-------------------+------------+------+--------------+----------------------------+---------------+--------------+
Note: For table entries with two numbers listed, the numbers in parentheses indicate the number of resources of the given type used by the specific entity alone. The numbers listed outside of parentheses indicate the total resources of the given type used by the specific entity and all of its sub-entities in the hierarchy.


+------------------------------------------------------+
; General Register Statistics                          ;
+----------------------------------------------+-------+
; Statistic                                    ; Value ;
+----------------------------------------------+-------+
; Total registers                              ; 31    ;
; Number of registers using Synchronous Clear  ; 20    ;
; Number of registers using Synchronous Load   ; 8     ;
; Number of registers using Asynchronous Clear ; 30    ;
; Number of registers using Asynchronous Load  ; 0     ;
; Number of registers using Clock Enable       ; 0     ;
; Number of registers using Preset             ; 0     ;
+----------------------------------------------+-------+


+--------------------------------------------------+
; Inverted Register Statistics                     ;
+----------------------------------------+---------+
; Inverted Register                      ; Fan out ;
+----------------------------------------+---------+
; ShiftRegister:R0|ShiftResult[0]        ; 3       ;
; Total number of inverted registers = 1 ;         ;
+----------------------------------------+---------+


+----------------------------------------------+
; Port Connectivity Checks: "ShiftRegister:R0" ;
+------------+-------+----------+--------------+
; Port       ; Type  ; Severity ; Details      ;
+------------+-------+----------+--------------+
; clrn       ; Input ; Info     ; Stuck at VCC ;
; load[9..1] ; Input ; Info     ; Stuck at GND ;
; load[0]    ; Input ; Info     ; Stuck at VCC ;
+------------+-------+----------+--------------+


+---------------------------------------------------------------------------------------------------------------------+
; Port Connectivity Checks: "Counter:C0"                                                                              ;
+-----------+--------+----------+-------------------------------------------------------------------------------------+
; Port      ; Type   ; Severity ; Details                                                                             ;
+-----------+--------+----------+-------------------------------------------------------------------------------------+
; q[13..10] ; Output ; Info     ; Connected to dangling logic. Logic that only feeds a dangling port will be removed. ;
; q[8..7]   ; Output ; Info     ; Connected to dangling logic. Logic that only feeds a dangling port will be removed. ;
; q[5..0]   ; Output ; Info     ; Connected to dangling logic. Logic that only feeds a dangling port will be removed. ;
; q[15]     ; Output ; Info     ; Connected to dangling logic. Logic that only feeds a dangling port will be removed. ;
+-----------+--------+----------+-------------------------------------------------------------------------------------+


+-----------------------------------------------------+
; Post-Synthesis Netlist Statistics for Top Partition ;
+-----------------------+-----------------------------+
; Type                  ; Count                       ;
+-----------------------+-----------------------------+
; arriav_ff             ; 31                          ;
;     CLR               ; 2                           ;
;     CLR SCLR          ; 20                          ;
;     CLR SLD           ; 8                           ;
;     plain             ; 1                           ;
; arriav_lcell_comb     ; 26                          ;
;     arith             ; 20                          ;
;         1 data inputs ; 20                          ;
;     normal            ; 6                           ;
;         1 data inputs ; 1                           ;
;         2 data inputs ; 2                           ;
;         3 data inputs ; 1                           ;
;         4 data inputs ; 2                           ;
; boundary_port         ; 15                          ;
;                       ;                             ;
; Max LUT depth         ; 2.90                        ;
; Average LUT depth     ; 1.92                        ;
+-----------------------+-----------------------------+


+-------------------------------+
; Elapsed Time Per Partition    ;
+----------------+--------------+
; Partition Name ; Elapsed Time ;
+----------------+--------------+
; Top            ; 00:00:00     ;
+----------------+--------------+


+-------------------------------+
; Analysis & Synthesis Messages ;
+-------------------------------+
Info: *******************************************************************
Info: Running Quartus Prime Analysis & Synthesis
    Info: Version 22.1std.0 Build 915 10/25/2022 SC Lite Edition
    Info: Processing started: Thu Mar 30 02:20:00 2023
Info: Command: quartus_map --read_settings_files=on --write_settings_files=off TopLevel -c TopLevel
Info (20034): Auto device selection is not supported for Cyclone V device family. The default device, 5CGXFC7C7F23C8, is set.
Warning (18236): Number of processors has not been specified which may cause overloading on shared machines.  Set the global assignment NUM_PARALLEL_PROCESSORS in your QSF to an appropriate value for best performance.
Info (20030): Parallel compilation is enabled and will use 4 of the 4 processors detected
Info (12021): Found 2 design units, including 1 entities, in source file toplevel.vhd
    Info (12022): Found design unit 1: TopLevel-rtl File: C:/Users/colem/Documents/VHDL-Projects/FPGAAdvancedDesign/TopLevel.vhd Line: 12
    Info (12023): Found entity 1: TopLevel File: C:/Users/colem/Documents/VHDL-Projects/FPGAAdvancedDesign/TopLevel.vhd Line: 6
Info (12021): Found 4 design units, including 2 entities, in source file counter.vhd
    Info (12022): Found design unit 1: Counter-a File: C:/Users/colem/Documents/VHDL-Projects/FPGAAdvancedDesign/Counter.vhd Line: 12
    Info (12022): Found design unit 2: CounterTestBench-rtl File: C:/Users/colem/Documents/VHDL-Projects/FPGAAdvancedDesign/Counter.vhd Line: 41
    Info (12023): Found entity 1: Counter File: C:/Users/colem/Documents/VHDL-Projects/FPGAAdvancedDesign/Counter.vhd Line: 7
    Info (12023): Found entity 2: CounterTestBench File: C:/Users/colem/Documents/VHDL-Projects/FPGAAdvancedDesign/Counter.vhd Line: 38
Info (12021): Found 4 design units, including 2 entities, in source file shiftregister.vhd
    Info (12022): Found design unit 1: ShiftRegister-rtl File: C:/Users/colem/Documents/VHDL-Projects/FPGAAdvancedDesign/ShiftRegister.vhd Line: 12
    Info (12022): Found design unit 2: ShiftRegisterTestBench-rtl File: C:/Users/colem/Documents/VHDL-Projects/FPGAAdvancedDesign/ShiftRegister.vhd Line: 45
    Info (12023): Found entity 1: ShiftRegister File: C:/Users/colem/Documents/VHDL-Projects/FPGAAdvancedDesign/ShiftRegister.vhd Line: 6
    Info (12023): Found entity 2: ShiftRegisterTestBench File: C:/Users/colem/Documents/VHDL-Projects/FPGAAdvancedDesign/ShiftRegister.vhd Line: 42
Info (12021): Found 4 design units, including 2 entities, in source file statemachine.vhd
    Info (12022): Found design unit 1: StateMachine-rtl File: C:/Users/colem/Documents/VHDL-Projects/FPGAAdvancedDesign/StateMachine.vhd Line: 11
    Info (12022): Found design unit 2: StateMachineTestBench-rtl File: C:/Users/colem/Documents/VHDL-Projects/FPGAAdvancedDesign/StateMachine.vhd Line: 61
    Info (12023): Found entity 1: StateMachine File: C:/Users/colem/Documents/VHDL-Projects/FPGAAdvancedDesign/StateMachine.vhd Line: 6
    Info (12023): Found entity 2: StateMachineTestBench File: C:/Users/colem/Documents/VHDL-Projects/FPGAAdvancedDesign/StateMachine.vhd Line: 58
Info (12127): Elaborating entity "TopLevel" for the top level hierarchy
Info (12128): Elaborating entity "Counter" for hierarchy "Counter:C0" File: C:/Users/colem/Documents/VHDL-Projects/FPGAAdvancedDesign/TopLevel.vhd Line: 45
Info (12128): Elaborating entity "ShiftRegister" for hierarchy "ShiftRegister:R0" File: C:/Users/colem/Documents/VHDL-Projects/FPGAAdvancedDesign/TopLevel.vhd Line: 46
Warning (10492): VHDL Process Statement warning at ShiftRegister.vhd(21): signal "sl" is read inside the Process Statement but isn't in the Process Statement's sensitivity list File: C:/Users/colem/Documents/VHDL-Projects/FPGAAdvancedDesign/ShiftRegister.vhd Line: 21
Warning (10492): VHDL Process Statement warning at ShiftRegister.vhd(21): signal "sr" is read inside the Process Statement but isn't in the Process Statement's sensitivity list File: C:/Users/colem/Documents/VHDL-Projects/FPGAAdvancedDesign/ShiftRegister.vhd Line: 21
Warning (10492): VHDL Process Statement warning at ShiftRegister.vhd(22): signal "ld" is read inside the Process Statement but isn't in the Process Statement's sensitivity list File: C:/Users/colem/Documents/VHDL-Projects/FPGAAdvancedDesign/ShiftRegister.vhd Line: 22
Warning (10492): VHDL Process Statement warning at ShiftRegister.vhd(23): signal "load" is read inside the Process Statement but isn't in the Process Statement's sensitivity list File: C:/Users/colem/Documents/VHDL-Projects/FPGAAdvancedDesign/ShiftRegister.vhd Line: 23
Warning (10492): VHDL Process Statement warning at ShiftRegister.vhd(24): signal "clrn" is read inside the Process Statement but isn't in the Process Statement's sensitivity list File: C:/Users/colem/Documents/VHDL-Projects/FPGAAdvancedDesign/ShiftRegister.vhd Line: 24
Info (12128): Elaborating entity "StateMachine" for hierarchy "StateMachine:SM0" File: C:/Users/colem/Documents/VHDL-Projects/FPGAAdvancedDesign/TopLevel.vhd Line: 47
Warning (10492): VHDL Process Statement warning at StateMachine.vhd(34): signal "REG_9" is read inside the Process Statement but isn't in the Process Statement's sensitivity list File: C:/Users/colem/Documents/VHDL-Projects/FPGAAdvancedDesign/StateMachine.vhd Line: 34
Warning (10492): VHDL Process Statement warning at StateMachine.vhd(43): signal "REG_0" is read inside the Process Statement but isn't in the Process Statement's sensitivity list File: C:/Users/colem/Documents/VHDL-Projects/FPGAAdvancedDesign/StateMachine.vhd Line: 43
Info (13000): Registers with preset signals will power-up high File: C:/Users/colem/Documents/VHDL-Projects/FPGAAdvancedDesign/ShiftRegister.vhd Line: 22
Info (13003): DEV_CLRn pin will set, and not reset, register with preset signal due to NOT Gate Push-Back
Info (286030): Timing-Driven Synthesis is running
Info (16010): Generating hard_block partition "hard_block:auto_generated_inst"
    Info (16011): Adding 0 node(s), including 0 DDIO, 0 PLL, 0 transceiver and 0 LCELL
Warning (21074): Design contains 3 input pin(s) that do not drive logic
    Warning (15610): No output dependent on input pin "KEY[1]" File: C:/Users/colem/Documents/VHDL-Projects/FPGAAdvancedDesign/TopLevel.vhd Line: 7
    Warning (15610): No output dependent on input pin "KEY[2]" File: C:/Users/colem/Documents/VHDL-Projects/FPGAAdvancedDesign/TopLevel.vhd Line: 7
    Warning (15610): No output dependent on input pin "KEY[3]" File: C:/Users/colem/Documents/VHDL-Projects/FPGAAdvancedDesign/TopLevel.vhd Line: 7
Info (21057): Implemented 49 device resources after synthesis - the final resource count might be different
    Info (21058): Implemented 5 input pins
    Info (21059): Implemented 10 output pins
    Info (21061): Implemented 34 logic cells
Info: Quartus Prime Analysis & Synthesis was successful. 0 errors, 12 warnings
    Info: Peak virtual memory: 4862 megabytes
    Info: Processing ended: Thu Mar 30 02:20:21 2023
    Info: Elapsed time: 00:00:21
    Info: Total CPU time (on all processors): 00:00:25


