Flow report for Dataflow
Mon Jan 30 21:48:49 2023
Quartus Prime Version 22.1std.0 Build 915 10/25/2022 SC Lite Edition


---------------------
; Table of Contents ;
---------------------
  1. Legal Notice
  2. Flow Summary
  3. Flow Settings
  4. Flow Non-Default Global Settings
  5. Flow Elapsed Time
  6. Flow OS Summary
  7. Flow Log
  8. Flow Messages
  9. Flow Suppressed Messages



----------------
; Legal Notice ;
----------------
Copyright (C) 2022  Intel Corporation. All rights reserved.
Your use of Intel Corporation's design tools, logic functions 
and other software and tools, and any partner logic 
functions, and any output files from any of the foregoing 
(including device programming or simulation files), and any 
associated documentation or information are expressly subject 
to the terms and conditions of the Intel Program License 
Subscription Agreement, the Intel Quartus Prime License Agreement,
the Intel FPGA IP License Agreement, or other applicable license
agreement, including, without limitation, that your use is for
the sole purpose of programming logic devices manufactured by
Intel and sold by Intel or its authorized distributors.  Please
refer to the applicable agreement for further details, at
https://fpgasoftware.intel.com/eula.



+----------------------------------------------------------------------------------+
; Flow Summary                                                                     ;
+---------------------------------+------------------------------------------------+
; Flow Status                     ; Successful - Mon Jan 30 21:48:49 2023          ;
; Quartus Prime Version           ; 22.1std.0 Build 915 10/25/2022 SC Lite Edition ;
; Revision Name                   ; Dataflow                                       ;
; Top-level Entity Name           ; Dataflow                                       ;
; Family                          ; Cyclone V                                      ;
; Device                          ; 5CSEMA5F31C6                                   ;
; Timing Models                   ; Final                                          ;
; Logic utilization (in ALMs)     ; 1 / 32,070 ( < 1 % )                           ;
; Total registers                 ; 0                                              ;
; Total pins                      ; 4 / 457 ( < 1 % )                              ;
; Total virtual pins              ; 0                                              ;
; Total block memory bits         ; 0 / 4,065,280 ( 0 % )                          ;
; Total DSP Blocks                ; 0 / 87 ( 0 % )                                 ;
; Total HSSI RX PCSs              ; 0                                              ;
; Total HSSI PMA RX Deserializers ; 0                                              ;
; Total HSSI TX PCSs              ; 0                                              ;
; Total HSSI PMA TX Serializers   ; 0                                              ;
; Total PLLs                      ; 0 / 6 ( 0 % )                                  ;
; Total DLLs                      ; 0 / 4 ( 0 % )                                  ;
+---------------------------------+------------------------------------------------+


+-----------------------------------------+
; Flow Settings                           ;
+-------------------+---------------------+
; Option            ; Setting             ;
+-------------------+---------------------+
; Start date & time ; 01/30/2023 21:22:50 ;
; Main task         ; Compilation         ;
; Revision Name     ; Dataflow            ;
+-------------------+---------------------+


+------------------------------------------------------------------------------------------------------------------------------------------------+
; Flow Non-Default Global Settings                                                                                                               ;
+-------------------------------------+----------------------------------------+---------------+-------------+-----------------------------------+
; Assignment Name                     ; Value                                  ; Default Value ; Entity Name ; Section Id                        ;
+-------------------------------------+----------------------------------------+---------------+-------------+-----------------------------------+
; COMPILER_SIGNATURE_ID               ; 259913564305436.167512637009824        ; --            ; --          ; --                                ;
; EDA_GENERATE_FUNCTIONAL_NETLIST     ; Off                                    ; --            ; --          ; eda_board_design_timing           ;
; EDA_GENERATE_FUNCTIONAL_NETLIST     ; Off                                    ; --            ; --          ; eda_board_design_boundary_scan    ;
; EDA_GENERATE_FUNCTIONAL_NETLIST     ; Off                                    ; --            ; --          ; eda_board_design_signal_integrity ;
; EDA_GENERATE_FUNCTIONAL_NETLIST     ; Off                                    ; --            ; --          ; eda_board_design_symbol           ;
; EDA_OUTPUT_DATA_FORMAT              ; Verilog Hdl                            ; --            ; --          ; eda_simulation                    ;
; EDA_SIMULATION_TOOL                 ; Questa Intel FPGA (Verilog)            ; <None>        ; --          ; --                                ;
; EDA_TIME_SCALE                      ; 1 ps                                   ; --            ; --          ; eda_simulation                    ;
; PARTITION_COLOR                     ; -- (Not supported for targeted family) ; --            ; --          ; Top                               ;
; PARTITION_FITTER_PRESERVATION_LEVEL ; -- (Not supported for targeted family) ; --            ; --          ; Top                               ;
; PARTITION_NETLIST_TYPE              ; -- (Not supported for targeted family) ; --            ; --          ; Top                               ;
; PROJECT_OUTPUT_DIRECTORY            ; output_files                           ; --            ; --          ; --                                ;
+-------------------------------------+----------------------------------------+---------------+-------------+-----------------------------------+


+--------------------------------------------------------------------------------------------------------------------------+
; Flow Elapsed Time                                                                                                        ;
+----------------------+--------------+-------------------------+---------------------+------------------------------------+
; Module Name          ; Elapsed Time ; Average Processors Used ; Peak Virtual Memory ; Total CPU Time (on all processors) ;
+----------------------+--------------+-------------------------+---------------------+------------------------------------+
; Analysis & Synthesis ; 00:00:12     ; 1.0                     ; 4871 MB             ; 00:00:30                           ;
; Fitter               ; 00:00:35     ; 1.0                     ; 6478 MB             ; 00:01:18                           ;
; Assembler            ; 00:00:07     ; 1.0                     ; 4871 MB             ; 00:00:07                           ;
; Timing Analyzer      ; 00:00:06     ; 1.0                     ; 5122 MB             ; 00:00:05                           ;
; EDA Netlist Writer   ; 00:00:01     ; 1.0                     ; 4725 MB             ; 00:00:01                           ;
; EDA Netlist Writer   ; 00:00:01     ; 1.0                     ; 4722 MB             ; 00:00:01                           ;
; EDA Netlist Writer   ; 00:00:02     ; 1.0                     ; 4722 MB             ; 00:00:01                           ;
; EDA Netlist Writer   ; 00:00:01     ; 1.0                     ; 4722 MB             ; 00:00:01                           ;
; EDA Netlist Writer   ; 00:00:01     ; 1.0                     ; 4722 MB             ; 00:00:01                           ;
; EDA Netlist Writer   ; 00:00:01     ; 1.0                     ; 4722 MB             ; 00:00:01                           ;
; EDA Netlist Writer   ; 00:00:02     ; 1.0                     ; 4725 MB             ; 00:00:01                           ;
; EDA Netlist Writer   ; 00:00:01     ; 1.0                     ; 4722 MB             ; 00:00:01                           ;
; EDA Netlist Writer   ; 00:00:01     ; 1.0                     ; 4725 MB             ; 00:00:01                           ;
; EDA Netlist Writer   ; 00:00:02     ; 1.0                     ; 4722 MB             ; 00:00:01                           ;
; EDA Netlist Writer   ; 00:00:01     ; 1.0                     ; 4722 MB             ; 00:00:01                           ;
; EDA Netlist Writer   ; 00:00:01     ; 1.0                     ; 4725 MB             ; 00:00:01                           ;
; EDA Netlist Writer   ; 00:00:01     ; 1.0                     ; 4725 MB             ; 00:00:01                           ;
; EDA Netlist Writer   ; 00:00:01     ; 1.0                     ; 4725 MB             ; 00:00:01                           ;
; EDA Netlist Writer   ; 00:00:01     ; 1.0                     ; 4725 MB             ; 00:00:01                           ;
; EDA Netlist Writer   ; 00:00:01     ; 1.0                     ; 4725 MB             ; 00:00:01                           ;
; EDA Netlist Writer   ; 00:00:01     ; 1.0                     ; 4725 MB             ; 00:00:01                           ;
; EDA Netlist Writer   ; 00:00:01     ; 1.0                     ; 4725 MB             ; 00:00:01                           ;
; Total                ; 00:01:21     ; --                      ; --                  ; 00:02:18                           ;
+----------------------+--------------+-------------------------+---------------------+------------------------------------+


+------------------------------------------------------------------------------------+
; Flow OS Summary                                                                    ;
+----------------------+------------------+------------+------------+----------------+
; Module Name          ; Machine Hostname ; OS Name    ; OS Version ; Processor type ;
+----------------------+------------------+------------+------------+----------------+
; Analysis & Synthesis ; TABLET-J7O9U82O  ; Windows 10 ; 10.0       ; x86_64         ;
; Fitter               ; TABLET-J7O9U82O  ; Windows 10 ; 10.0       ; x86_64         ;
; Assembler            ; TABLET-J7O9U82O  ; Windows 10 ; 10.0       ; x86_64         ;
; Timing Analyzer      ; TABLET-J7O9U82O  ; Windows 10 ; 10.0       ; x86_64         ;
; EDA Netlist Writer   ; TABLET-J7O9U82O  ; Windows 10 ; 10.0       ; x86_64         ;
; EDA Netlist Writer   ; TABLET-J7O9U82O  ; Windows 10 ; 10.0       ; x86_64         ;
; EDA Netlist Writer   ; TABLET-J7O9U82O  ; Windows 10 ; 10.0       ; x86_64         ;
; EDA Netlist Writer   ; TABLET-J7O9U82O  ; Windows 10 ; 10.0       ; x86_64         ;
; EDA Netlist Writer   ; TABLET-J7O9U82O  ; Windows 10 ; 10.0       ; x86_64         ;
; EDA Netlist Writer   ; TABLET-J7O9U82O  ; Windows 10 ; 10.0       ; x86_64         ;
; EDA Netlist Writer   ; TABLET-J7O9U82O  ; Windows 10 ; 10.0       ; x86_64         ;
; EDA Netlist Writer   ; TABLET-J7O9U82O  ; Windows 10 ; 10.0       ; x86_64         ;
; EDA Netlist Writer   ; TABLET-J7O9U82O  ; Windows 10 ; 10.0       ; x86_64         ;
; EDA Netlist Writer   ; TABLET-J7O9U82O  ; Windows 10 ; 10.0       ; x86_64         ;
; EDA Netlist Writer   ; TABLET-J7O9U82O  ; Windows 10 ; 10.0       ; x86_64         ;
; EDA Netlist Writer   ; TABLET-J7O9U82O  ; Windows 10 ; 10.0       ; x86_64         ;
; EDA Netlist Writer   ; TABLET-J7O9U82O  ; Windows 10 ; 10.0       ; x86_64         ;
; EDA Netlist Writer   ; TABLET-J7O9U82O  ; Windows 10 ; 10.0       ; x86_64         ;
; EDA Netlist Writer   ; TABLET-J7O9U82O  ; Windows 10 ; 10.0       ; x86_64         ;
; EDA Netlist Writer   ; TABLET-J7O9U82O  ; Windows 10 ; 10.0       ; x86_64         ;
; EDA Netlist Writer   ; TABLET-J7O9U82O  ; Windows 10 ; 10.0       ; x86_64         ;
; EDA Netlist Writer   ; TABLET-J7O9U82O  ; Windows 10 ; 10.0       ; x86_64         ;
+----------------------+------------------+------------+------------+----------------+


------------
; Flow Log ;
------------
quartus_map --read_settings_files=on --write_settings_files=off Dataflow -c Dataflow
quartus_fit --read_settings_files=off --write_settings_files=off Dataflow -c Dataflow
quartus_asm --read_settings_files=off --write_settings_files=off Dataflow -c Dataflow
quartus_sta Dataflow -c Dataflow
quartus_eda --read_settings_files=off --write_settings_files=off Dataflow -c Dataflow
quartus_eda --gen_testbench --tool=modelsim_oem --format=vhdl --write_settings_files=off Dataflow -c Dataflow --vector_source=C:/Users/colem/Documents/VHDL-Projects/1_/src/Dataflow/Waveform.vwf --testbench_file=C:/Users/colem/Documents/VHDL-Projects/1_/src/Dataflow/simulation/qsim/Waveform.vwf.vht
quartus_eda --gen_testbench --tool=modelsim_oem --format=vhdl --write_settings_files=off Dataflow -c Dataflow --vector_source=C:/Users/colem/Documents/VHDL-Projects/1_/src/Dataflow/Waveform.vwf --testbench_file=C:/Users/colem/Documents/VHDL-Projects/1_/src/Dataflow/simulation/qsim/Waveform.vwf.vht
quartus_eda --gen_testbench --tool=modelsim_oem --format=vhdl --write_settings_files=off Dataflow -c Dataflow --vector_source=C:/Users/colem/Documents/VHDL-Projects/1_/src/Dataflow/Waveform.vwf --testbench_file=C:/Users/colem/Documents/VHDL-Projects/1_/src/Dataflow/simulation/qsim/Waveform.vwf.vht
quartus_eda --gen_testbench --tool=modelsim_oem --format=vhdl --write_settings_files=off Dataflow -c Dataflow --vector_source=C:/Users/colem/Documents/VHDL-Projects/1_/src/Dataflow/Waveform.vwf --testbench_file=C:/Users/colem/Documents/VHDL-Projects/1_/src/Dataflow/simulation/qsim/Waveform.vwf.vht
quartus_eda --gen_testbench --tool=modelsim_oem --format=vhdl --write_settings_files=off Dataflow -c Dataflow --vector_source=C:/Users/colem/Documents/VHDL-Projects/1_/src/Dataflow/Waveform.vwf --testbench_file=C:/Users/colem/Documents/VHDL-Projects/1_/src/Dataflow/simulation/qsim/Waveform.vwf.vht
quartus_eda --write_settings_files=off --simulation=on --functional=on --flatten_buses=off --tool=modelsim_oem --format=vhdl --output_directory=C:/Users/colem/Documents/VHDL-Projects/1_/src/Dataflow/simulation/qsim/ Dataflow -c Dataflow
quartus_eda --gen_testbench --tool=modelsim_oem --format=vhdl --write_settings_files=off Dataflow -c Dataflow --vector_source=C:/Users/colem/Documents/VHDL-Projects/1_/src/Dataflow/Waveform.vwf --testbench_file=C:/Users/colem/Documents/VHDL-Projects/1_/src/Dataflow/simulation/qsim/Waveform.vwf.vht
quartus_eda --write_settings_files=off --simulation=on --functional=on --flatten_buses=off --tool=modelsim_oem --format=vhdl --output_directory=C:/Users/colem/Documents/VHDL-Projects/1_/src/Dataflow/simulation/qsim/ Dataflow -c Dataflow
quartus_eda --gen_testbench --tool=modelsim_oem --format=vhdl --write_settings_files=off Dataflow -c Dataflow --vector_source=C:/Users/colem/Documents/VHDL-Projects/1_/src/Dataflow/Waveform1.vwf --testbench_file=C:/Users/colem/Documents/VHDL-Projects/1_/src/Dataflow/simulation/qsim/Waveform1.vwf.vht
quartus_eda --gen_testbench --tool=modelsim_oem --format=vhdl --write_settings_files=off Dataflow -c Dataflow --vector_source=C:/Users/colem/Documents/VHDL-Projects/1_/src/Dataflow/Waveform1.vwf --testbench_file=C:/Users/colem/Documents/VHDL-Projects/1_/src/Dataflow/simulation/qsim/Waveform1.vwf.vht
quartus_eda --write_settings_files=off --simulation=on --functional=on --flatten_buses=off --tool=modelsim_oem --format=vhdl --output_directory=C:/Users/colem/Documents/VHDL-Projects/1_/src/Dataflow/simulation/qsim/ Dataflow -c Dataflow
quartus_eda --gen_testbench --tool=modelsim_oem --format=vhdl --write_settings_files=off Dataflow -c Dataflow --vector_source=C:/Users/colem/Documents/VHDL-Projects/1_/src/Dataflow/Waveform1.vwf --testbench_file=C:/Users/colem/Documents/VHDL-Projects/1_/src/Dataflow/simulation/qsim/Waveform1.vwf.vht
quartus_eda --write_settings_files=off --simulation=on --functional=on --flatten_buses=off --tool=modelsim_oem --format=vhdl --output_directory=C:/Users/colem/Documents/VHDL-Projects/1_/src/Dataflow/simulation/qsim/ Dataflow -c Dataflow
quartus_eda --gen_testbench --tool=modelsim_oem --format=vhdl --write_settings_files=off Dataflow -c Dataflow --vector_source=C:/Users/colem/Documents/VHDL-Projects/1_/src/Dataflow/Waveform.vwf --testbench_file=C:/Users/colem/Documents/VHDL-Projects/1_/src/Dataflow/simulation/qsim/Waveform.vwf.vht
quartus_eda --write_settings_files=off --simulation=on --functional=on --flatten_buses=off --tool=modelsim_oem --format=vhdl --output_directory=C:/Users/colem/Documents/VHDL-Projects/1_/src/Dataflow/simulation/qsim/ Dataflow -c Dataflow
quartus_eda --gen_testbench --tool=modelsim_oem --format=vhdl --write_settings_files=off Dataflow -c Dataflow --vector_source=C:/Users/colem/Documents/VHDL-Projects/1_/src/Dataflow/Waveform.vwf --testbench_file=C:/Users/colem/Documents/VHDL-Projects/1_/src/Dataflow/simulation/qsim/Waveform.vwf.vht
quartus_eda --write_settings_files=off --simulation=on --functional=on --flatten_buses=off --tool=modelsim_oem --format=vhdl --output_directory=C:/Users/colem/Documents/VHDL-Projects/1_/src/Dataflow/simulation/qsim/ Dataflow -c Dataflow



